[    0.000000] Linux version 4.15.0-162-generic (buildd@lcy01-amd64-007) (gcc version 7.5.0 (Ubuntu 7.5.0-3ubuntu1~18.04)) #170-Ubuntu SMP Mon Oct 18 11:38:05 UTC 2021 (Ubuntu 4.15.0-162.170-generic 4.15.18)
[    0.000000] Command line: BOOT_IMAGE=/boot/vmlinuz-4.15.0-162-generic root=LABEL=cloudimg-rootfs ro console=tty1 console=ttyS0
[    0.000000] KERNEL supported cpus:
[    0.000000]   Intel GenuineIntel
[    0.000000]   AMD AuthenticAMD
[    0.000000]   Centaur CentaurHauls
[    0.000000] x86/fpu: Supporting XSAVE feature 0x001: 'x87 floating point registers'
[    0.000000] x86/fpu: Supporting XSAVE feature 0x002: 'SSE registers'
[    0.000000] x86/fpu: Supporting XSAVE feature 0x004: 'AVX registers'
[    0.000000] x86/fpu: xstate_offset[2]:  576, xstate_sizes[2]:  256
[    0.000000] x86/fpu: Enabled xstate features 0x7, context size is 832 bytes, using 'standard' format.
[    0.000000] e820: BIOS-provided physical RAM map:
[    0.000000] BIOS-e820: [mem 0x0000000000000000-0x000000000009fbff] usable
[    0.000000] BIOS-e820: [mem 0x000000000009fc00-0x000000000009ffff] reserved
[    0.000000] BIOS-e820: [mem 0x00000000000f0000-0x00000000000fffff] reserved
[    0.000000] BIOS-e820: [mem 0x0000000000100000-0x000000007ffeffff] usable
[    0.000000] BIOS-e820: [mem 0x000000007fff0000-0x000000007fffffff] ACPI data
[    0.000000] BIOS-e820: [mem 0x00000000fec00000-0x00000000fec00fff] reserved
[    0.000000] BIOS-e820: [mem 0x00000000fee00000-0x00000000fee00fff] reserved
[    0.000000] BIOS-e820: [mem 0x00000000fffc0000-0x00000000ffffffff] reserved
[    0.000000] NX (Execute Disable) protection: active
[    0.000000] SMBIOS 2.5 present.
[    0.000000] DMI: innotek GmbH VirtualBox/VirtualBox, BIOS VirtualBox 12/01/2006
[    0.000000] Hypervisor detected: KVM
[    0.000000] e820: last_pfn = 0x7fff0 max_arch_pfn = 0x400000000
[    0.000000] MTRR: Disabled
[    0.000000] x86/PAT: MTRRs disabled, skipping PAT initialization too.
[    0.000000] CPU MTRRs all blank - virtualized system.
[    0.000000] x86/PAT: Configuration [0-7]: WB  WT  UC- UC  WB  WT  UC- UC  
[    0.000000] found SMP MP-table at [mem 0x0009fff0-0x0009ffff]
[    0.000000] Scanning 1 areas for low memory corruption
[    0.000000] RAMDISK: [mem 0x359cd000-0x36cddfff]
[    0.000000] ACPI: Early table checksum verification disabled
[    0.000000] ACPI: RSDP 0x00000000000E0000 000024 (v02 VBOX  )
[    0.000000] ACPI: XSDT 0x000000007FFF0030 00003C (v01 VBOX   VBOXXSDT 00000001 ASL  00000061)
[    0.000000] ACPI: FACP 0x000000007FFF00F0 0000F4 (v04 VBOX   VBOXFACP 00000001 ASL  00000061)
[    0.000000] ACPI: DSDT 0x000000007FFF0470 002325 (v02 VBOX   VBOXBIOS 00000002 INTL 20100528)
[    0.000000] ACPI: FACS 0x000000007FFF0200 000040
[    0.000000] ACPI: FACS 0x000000007FFF0200 000040
[    0.000000] ACPI: APIC 0x000000007FFF0240 00005C (v02 VBOX   VBOXAPIC 00000001 ASL  00000061)
[    0.000000] ACPI: SSDT 0x000000007FFF02A0 0001CC (v01 VBOX   VBOXCPUT 00000002 INTL 20100528)
[    0.000000] ACPI: Reserving FACP table memory at [mem 0x7fff00f0-0x7fff01e3]
[    0.000000] ACPI: Reserving DSDT table memory at [mem 0x7fff0470-0x7fff2794]
[    0.000000] ACPI: Reserving FACS table memory at [mem 0x7fff0200-0x7fff023f]
[    0.000000] ACPI: Reserving FACS table memory at [mem 0x7fff0200-0x7fff023f]
[    0.000000] ACPI: Reserving APIC table memory at [mem 0x7fff0240-0x7fff029b]
[    0.000000] ACPI: Reserving SSDT table memory at [mem 0x7fff02a0-0x7fff046b]
[    0.000000] No NUMA configuration found
[    0.000000] Faking a node at [mem 0x0000000000000000-0x000000007ffeffff]
[    0.000000] NODE_DATA(0) allocated [mem 0x7ffc5000-0x7ffeffff]
[    0.000000] kvm-clock: cpu 0, msr 0:7ff44001, primary cpu clock
[    0.000000] kvm-clock: Using msrs 4b564d01 and 4b564d00
[    0.000000] kvm-clock: using sched offset of 14712921542 cycles
[    0.000000] clocksource: kvm-clock: mask: 0xffffffffffffffff max_cycles: 0x1cd42e4dffb, max_idle_ns: 881590591483 ns
[    0.000000] Zone ranges:
[    0.000000]   DMA      [mem 0x0000000000001000-0x0000000000ffffff]
[    0.000000]   DMA32    [mem 0x0000000001000000-0x000000007ffeffff]
[    0.000000]   Normal   empty
[    0.000000]   Device   empty
[    0.000000] Movable zone start for each node
[    0.000000] Early memory node ranges
[    0.000000]   node   0: [mem 0x0000000000001000-0x000000000009efff]
[    0.000000]   node   0: [mem 0x0000000000100000-0x000000007ffeffff]
[    0.000000] Reserved but unavailable: 104 pages
[    0.000000] Initmem setup node 0 [mem 0x0000000000001000-0x000000007ffeffff]
[    0.000000] ACPI: PM-Timer IO Port: 0x4008
[    0.000000] IOAPIC[0]: apic_id 2, version 32, address 0xfec00000, GSI 0-23
[    0.000000] ACPI: INT_SRC_OVR (bus 0 bus_irq 0 global_irq 2 dfl dfl)
[    0.000000] ACPI: INT_SRC_OVR (bus 0 bus_irq 9 global_irq 9 low level)
[    0.000000] Using ACPI (MADT) for SMP configuration information
[    0.000000] smpboot: Allowing 2 CPUs, 0 hotplug CPUs
[    0.000000] PM: Registered nosave memory: [mem 0x00000000-0x00000fff]
[    0.000000] PM: Registered nosave memory: [mem 0x0009f000-0x0009ffff]
[    0.000000] PM: Registered nosave memory: [mem 0x000a0000-0x000effff]
[    0.000000] PM: Registered nosave memory: [mem 0x000f0000-0x000fffff]
[    0.000000] e820: [mem 0x80000000-0xfebfffff] available for PCI devices
[    0.000000] Booting paravirtualized kernel on KVM
[    0.000000] clocksource: refined-jiffies: mask: 0xffffffff max_cycles: 0xffffffff, max_idle_ns: 7645519600211568 ns
[    0.000000] random: get_random_bytes called from start_kernel+0x99/0x500 with crng_init=0
[    0.000000] setup_percpu: NR_CPUS:8192 nr_cpumask_bits:2 nr_cpu_ids:2 nr_node_ids:1
[    0.000000] percpu: Embedded 45 pages/cpu s147456 r8192 d28672 u1048576
[    0.000000] PV qspinlock hash table entries: 256 (order: 0, 4096 bytes)
[    0.000000] Built 1 zonelists, mobility grouping on.  Total pages: 515961
[    0.000000] Policy zone: DMA32
[    0.000000] Kernel command line: BOOT_IMAGE=/boot/vmlinuz-4.15.0-162-generic root=LABEL=cloudimg-rootfs ro console=tty1 console=ttyS0
[    0.000000] Memory: 2014904K/2096696K available (12300K kernel code, 2483K rwdata, 4320K rodata, 2448K init, 2724K bss, 81792K reserved, 0K cma-reserved)
[    0.000000] SLUB: HWalign=64, Order=0-3, MinObjects=0, CPUs=2, Nodes=1
[    0.000000] Kernel/User page tables isolation: enabled
[    0.000000] ftrace: allocating 39475 entries in 155 pages
[    0.004000] Hierarchical RCU implementation.
[    0.004000] 	RCU restricting CPUs from NR_CPUS=8192 to nr_cpu_ids=2.
[    0.004000] 	Tasks RCU enabled.
[    0.004000] RCU: Adjusting geometry for rcu_fanout_leaf=16, nr_cpu_ids=2
[    0.004000] NR_IRQS: 524544, nr_irqs: 440, preallocated irqs: 16
[    0.004000] Console: colour VGA+ 80x25
[    0.004000] console [tty1] enabled
[    0.004000] console [ttyS0] enabled
[    0.004000] ACPI: Core revision 20170831
[    0.004000] ACPI: 2 ACPI AML tables successfully acquired and loaded
[    0.004000] APIC: Switch to symmetric I/O mode setup
[    0.004000] x2apic enabled
[    0.004000] Switched APIC routing to physical x2apic.
[    0.004000] ..TIMER: vector=0x30 apic1=0 pin1=2 apic2=-1 pin2=-1
[    0.004003] tsc: Detected 2208.000 MHz processor
[    0.004968] Calibrating delay loop (skipped) preset value.. 4416.00 BogoMIPS (lpj=8832000)
[    0.008003] pid_max: default: 32768 minimum: 301
[    0.009045] Security Framework initialized
[    0.009991] Yama: becoming mindful.
[    0.010810] AppArmor: AppArmor initialized
[    0.012391] Dentry cache hash table entries: 262144 (order: 9, 2097152 bytes)
[    0.014623] Inode-cache hash table entries: 131072 (order: 8, 1048576 bytes)
[    0.016021] Mount-cache hash table entries: 4096 (order: 3, 32768 bytes)
[    0.017147] Mountpoint-cache hash table entries: 4096 (order: 3, 32768 bytes)
[    0.018564] Last level iTLB entries: 4KB 64, 2MB 8, 4MB 8
[    0.020001] Last level dTLB entries: 4KB 64, 2MB 0, 4MB 0, 1GB 4
[    0.021239] Spectre V1 : Mitigation: usercopy/swapgs barriers and __user pointer sanitization
[    0.022710] Spectre V2 : Mitigation: Full generic retpoline
[    0.024001] Spectre V2 : Spectre v2 / SpectreRSB mitigation: Filling RSB on context switch
[    0.025487] Speculative Store Bypass: Vulnerable
[    0.026317] SRBDS: Unknown: Dependent on hypervisor status
[    0.027262] MDS: Mitigation: Clear CPU buffers
[    0.028170] Freeing SMP alternatives memory: 36K
[    0.139898] smpboot: CPU0: Intel(R) Core(TM) i7-8750H CPU @ 2.20GHz (family: 0x6, model: 0x9e, stepping: 0xa)
[    0.140000] Performance Events: unsupported p6 CPU model 158 no PMU driver, software events only.
[    0.140000] Hierarchical SRCU implementation.
[    0.140460] NMI watchdog: Perf event create on CPU 0 failed with -2
[    0.141776] NMI watchdog: Perf NMI watchdog permanently disabled
[    0.143110] smp: Bringing up secondary CPUs ...
[    0.144065] x86: Booting SMP configuration:
[    0.144986] .... node  #0, CPUs:      #1
[    0.004000] kvm-clock: cpu 1, msr 0:7ff44041, secondary cpu clock
[    0.148016] smp: Brought up 1 node, 2 CPUs
[    0.149003] smpboot: Max logical packages: 1
[    0.152007] smpboot: Total of 2 processors activated (8832.00 BogoMIPS)
[    0.153519] devtmpfs: initialized
[    0.153519] x86/mm: Memory block size: 128MB
[    0.156182] evm: security.selinux
[    0.156989] evm: security.SMACK64
[    0.157757] evm: security.SMACK64EXEC
[    0.158687] evm: security.SMACK64TRANSMUTE
[    0.159571] evm: security.SMACK64MMAP
[    0.160002] evm: security.apparmor
[    0.160750] evm: security.ima
[    0.161446] evm: security.capability
[    0.162345] clocksource: jiffies: mask: 0xffffffff max_cycles: 0xffffffff, max_idle_ns: 7645041785100000 ns
[    0.164019] futex hash table entries: 512 (order: 3, 32768 bytes)
[    0.165594] pinctrl core: initialized pinctrl subsystem
[    0.168089] RTC time: 11:59:27, date: 11/20/21
[    0.169293] NET: Registered protocol family 16
[    0.170395] audit: initializing netlink subsys (disabled)
[    0.171643] audit: type=2000 audit(1637409583.619:1): state=initialized audit_enabled=0 res=1
[    0.172008] cpuidle: using governor ladder
[    0.172895] cpuidle: using governor menu
[    0.173864] ACPI: bus type PCI registered
[    0.176002] acpiphp: ACPI Hot Plug PCI Controller Driver version: 0.5
[    0.177407] PCI: Using configuration type 1 for base access
[    0.180229] HugeTLB registered 2.00 MiB page size, pre-allocated 0 pages
[    0.181383] ACPI: Added _OSI(Module Device)
[    0.181383] ACPI: Added _OSI(Processor Device)
[    0.181943] ACPI: Added _OSI(3.0 _SCP Extensions)
[    0.184003] ACPI: Added _OSI(Processor Aggregator Device)
[    0.185143] ACPI: Added _OSI(Linux-Dell-Video)
[    0.186217] ACPI: Added _OSI(Linux-Lenovo-NV-HDMI-Audio)
[    0.188007] ACPI: Added _OSI(Linux-HPI-Hybrid-Graphics)
[    0.189352] ACPI: Executed 1 blocks of module-level executable AML code
[    0.194517] ACPI: Interpreter enabled
[    0.195483] ACPI: (supports S0 S5)
[    0.196002] ACPI: Using IOAPIC for interrupt routing
[    0.197284] PCI: Using host bridge windows from ACPI; if necessary, use "pci=nocrs" and report a bug
[    0.199602] ACPI: Enabled 2 GPEs in block 00 to 07
[    0.207501] ACPI: PCI Root Bridge [PCI0] (domain 0000 [bus 00-ff])
[    0.208005] acpi PNP0A03:00: _OSC: OS supports [ASPM ClockPM Segments MSI]
[    0.209897] acpi PNP0A03:00: _OSC: not requesting OS control; OS requires [ExtendedConfig ASPM ClockPM MSI]
[    0.212009] acpi PNP0A03:00: fail to add MMCONFIG information, can't access extended PCI configuration space under this bridge.
[    0.214694] PCI host bridge to bus 0000:00
[    0.216003] pci_bus 0000:00: root bus resource [io  0x0000-0x0cf7 window]
[    0.217400] pci_bus 0000:00: root bus resource [io  0x0d00-0xffff window]
[    0.218910] pci_bus 0000:00: root bus resource [mem 0x000a0000-0x000bffff window]
[    0.220006] pci_bus 0000:00: root bus resource [mem 0x80000000-0xfdffffff window]
[    0.224003] pci_bus 0000:00: root bus resource [bus 00-ff]
[    0.227022] pci 0000:00:01.1: legacy IDE quirk: reg 0x10: [io  0x01f0-0x01f7]
[    0.228003] pci 0000:00:01.1: legacy IDE quirk: reg 0x14: [io  0x03f6]
[    0.229308] pci 0000:00:01.1: legacy IDE quirk: reg 0x18: [io  0x0170-0x0177]
[    0.230872] pci 0000:00:01.1: legacy IDE quirk: reg 0x1c: [io  0x0376]
[    0.251415] pci 0000:00:07.0: quirk: [io  0x4000-0x403f] claimed by PIIX4 ACPI
[    0.252013] pci 0000:00:07.0: quirk: [io  0x4100-0x410f] claimed by PIIX4 SMB
[    0.265661] ACPI: PCI Interrupt Link [LNKA] (IRQs 5 9 10 *11)
[    0.267262] ACPI: PCI Interrupt Link [LNKB] (IRQs 5 9 *10 11)
[    0.268116] ACPI: PCI Interrupt Link [LNKC] (IRQs 5 *9 10 11)
[    0.269523] ACPI: PCI Interrupt Link [LNKD] (IRQs 5 9 10 *11)
[    0.272255] SCSI subsystem initialized
[    0.273166] pci 0000:00:02.0: vgaarb: setting as boot VGA device
[    0.273258] pci 0000:00:02.0: vgaarb: VGA device added: decodes=io+mem,owns=io+mem,locks=none
[    0.275116] pci 0000:00:02.0: vgaarb: bridge control possible
[    0.276002] vgaarb: loaded
[    0.276675] ACPI: bus type USB registered
[    0.277528] usbcore: registered new interface driver usbfs
[    0.280007] usbcore: registered new interface driver hub
[    0.281191] usbcore: registered new device driver usb
[    0.282683] EDAC MC: Ver: 3.0.0
[    0.284183] PCI: Using ACPI for IRQ routing
[    0.285232] NetLabel: Initializing
[    0.285980] NetLabel:  domain hash size = 128
[    0.286962] NetLabel:  protocols = UNLABELED CIPSOv4 CALIPSO
[    0.288016] NetLabel:  unlabeled traffic allowed by default
[    0.289239] clocksource: Switched to clocksource kvm-clock
[    0.298368] VFS: Disk quotas dquot_6.6.0
[    0.299137] VFS: Dquot-cache hash table entries: 512 (order 0, 4096 bytes)
[    0.300393] AppArmor: AppArmor Filesystem Enabled
[    0.301448] pnp: PnP ACPI init
[    0.303221] pnp: PnP ACPI: found 3 devices
[    0.312075] clocksource: acpi_pm: mask: 0xffffff max_cycles: 0xffffff, max_idle_ns: 2085701024 ns
[    0.313951] NET: Registered protocol family 2
[    0.314913] IP idents hash table entries: 32768 (order: 6, 262144 bytes)
[    0.316749] TCP established hash table entries: 16384 (order: 5, 131072 bytes)
[    0.318322] TCP bind hash table entries: 16384 (order: 6, 262144 bytes)
[    0.319930] TCP: Hash tables configured (established 16384 bind 16384)
[    0.321375] UDP hash table entries: 1024 (order: 3, 32768 bytes)
[    0.322657] UDP-Lite hash table entries: 1024 (order: 3, 32768 bytes)
[    0.324037] NET: Registered protocol family 1
[    0.324978] pci 0000:00:00.0: Limiting direct PCI/PCI transfers
[    0.326200] pci 0000:00:01.0: Activating ISA DMA hang workarounds
[    0.327493] pci 0000:00:02.0: Video device with shadowed ROM at [mem 0x000c0000-0x000dffff]
[    0.329441] Unpacking initramfs...
[    0.541155] Freeing initrd memory: 19524K
[    0.542122] clocksource: tsc: mask: 0xffffffffffffffff max_cycles: 0x1fd3b81b95f, max_idle_ns: 440795257325 ns
[    0.544063] platform rtc_cmos: registered platform RTC device (no PNP device found)
[    0.546050] Scanning for low memory corruption every 60 seconds
[    0.547926] Initialise system trusted keyrings
[    0.549208] Key type blacklist registered
[    0.550162] workingset: timestamp_bits=36 max_order=19 bucket_order=0
[    0.552927] zbud: loaded
[    0.554024] squashfs: version 4.0 (2009/01/31) Phillip Lougher
[    0.555554] fuse init (API version 7.26)
[    0.558887] Key type asymmetric registered
[    0.559879] Asymmetric key parser 'x509' registered
[    0.560983] Block layer SCSI generic (bsg) driver version 0.4 loaded (major 246)
[    0.562692] io scheduler noop registered
[    0.563546] io scheduler deadline registered
[    0.564535] io scheduler cfq registered (default)
[    0.566197] ACPI: AC Adapter [AC] (on-line)
[    0.567180] input: Power Button as /devices/LNXSYSTM:00/LNXPWRBN:00/input/input0
[    0.568994] ACPI: Power Button [PWRF]
[    0.569918] input: Sleep Button as /devices/LNXSYSTM:00/LNXSLPBN:00/input/input1
[    0.571476] ACPI: Sleep Button [SLPF]
[    0.573539] ACPI: Battery Slot [BAT0] (battery present)
[    0.574686] Serial: 8250/16550 driver, 32 ports, IRQ sharing enabled
[    0.596757] 00:02: ttyS0 at I/O 0x3f8 (irq = 4, base_baud = 115200) is a 16550A
[    0.600950] Linux agpgart interface v0.103
[    0.603054] loop: module loaded
[    0.604246] scsi host0: ata_piix
[    0.605071] scsi host1: ata_piix
[    0.605814] ata1: PATA max UDMA/33 cmd 0x1f0 ctl 0x3f6 bmdma 0xd000 irq 14
[    0.607234] ata2: PATA max UDMA/33 cmd 0x170 ctl 0x376 bmdma 0xd008 irq 15
[    0.608750] libphy: Fixed MDIO Bus: probed
[    0.609758] tun: Universal TUN/TAP device driver, 1.6
[    0.611096] PPP generic driver version 2.4.2
[    0.612123] ehci_hcd: USB 2.0 'Enhanced' Host Controller (EHCI) Driver
[    0.613510] ehci-pci: EHCI PCI platform driver
[    0.614492] ehci-platform: EHCI generic platform driver
[    0.615582] ohci_hcd: USB 1.1 'Open' Host Controller (OHCI) Driver
[    0.616910] ohci-pci: OHCI PCI platform driver
[    0.617873] ohci-platform: OHCI generic platform driver
[    0.622126] uhci_hcd: USB Universal Host Controller Interface driver
[    0.633267] i8042: PNP: PS/2 Controller [PNP0303:PS2K,PNP0f03:PS2M] at 0x60,0x64 irq 1,12
[    0.635556] serio: i8042 KBD port at 0x60,0x64 irq 1
[    0.636783] serio: i8042 AUX port at 0x60,0x64 irq 12
[    0.637915] mousedev: PS/2 mouse device common for all mice
[    0.639355] input: AT Translated Set 2 keyboard as /devices/platform/i8042/serio0/input/input2
[    0.641620] rtc_cmos rtc_cmos: rtc core: registered rtc_cmos as rtc0
[    0.643016] rtc_cmos rtc_cmos: alarms up to one day, 114 bytes nvram
[    0.644340] i2c /dev entries driver
[    0.645142] device-mapper: uevent: version 1.0.3
[    0.646212] device-mapper: ioctl: 4.37.0-ioctl (2017-09-20) initialised: dm-devel@redhat.com
[    0.648070] ledtrig-cpu: registered to indicate activity on CPUs
[    0.650161] NET: Registered protocol family 10
[    0.653887] Segment Routing with IPv6
[    0.654694] NET: Registered protocol family 17
[    0.655803] Key type dns_resolver registered
[    0.657099] mce: Using 0 MCE banks
[    0.657869] RAS: Correctable Errors collector initialized.
[    0.659096] sched_clock: Marking stable (657081816, 0)->(871989472, -214907656)
[    0.661145] registered taskstats version 1
[    0.662018] Loading compiled-in X.509 certificates
[    0.665457] Loaded X.509 cert 'Build time autogenerated kernel key: ebed311aedd59d9a851620769f4a146e4e1d43c6'
[    0.667981] Loaded X.509 cert 'Canonical Ltd. Live Patch Signing: 14df34d1a87cf37625abec039ef2bf521249b969'
[    0.670794] Loaded X.509 cert 'Canonical Ltd. Kernel Module Signing: 88f752e560a1e0737e31163a466ad7b70a850c19'
[    0.672957] zswap: loaded using pool lzo/zbud
[    0.676743] Key type big_key registered
[    0.677719] Key type trusted registered
[    0.679804] Key type encrypted registered
[    0.680761] AppArmor: AppArmor sha1 policy hashing enabled
[    0.681909] ima: No TPM chip found, activating TPM-bypass! (rc=-19)
[    0.683261] ima: Allocated hash algorithm: sha1
[    0.684486] evm: HMAC attrs: 0x1
[    0.685502]   Magic number: 13:143:985
[    0.686427] rtc_cmos rtc_cmos: setting system clock to 2021-11-20 11:59:27 UTC (1637409567)
[    0.688386] BIOS EDD facility v0.16 2004-Jun-25, 0 devices found
[    0.689756] EDD information not available.
[    0.798043] Freeing unused kernel image memory: 2448K
[    1.132213] Write protecting the kernel read-only data: 20480k
[    1.136175] Freeing unused kernel image memory: 2008K
[    1.139021] Freeing unused kernel image memory: 1824K
[    1.151420] x86/mm: Checked W+X mappings: passed, no W+X pages found.
[    1.153187] x86/mm: Checking user space page tables
[    1.161909] x86/mm: Checked W+X mappings: passed, no W+X pages found.
Loading, please wait...
starting version 237
[    1.219906] e1000: Intel(R) PRO/1000 Network Driver - version 7.3.21-k8-NAPI
[    1.221802] e1000: Copyright (c) 1999-2006 Intel Corporation.
[    1.223082] Fusion MPT base driver 3.04.20
[    1.223937] Copyright (c) 1999-2008 LSI Corporation
[    1.229600] Fusion MPT SPI Host driver 3.04.20
[    1.237903] AVX2 version of gcm_enc/dec engaged.
[    1.239132] AES CTR mode by8 optimization enabled
[    1.435359] input: ImExPS/2 Generic Explorer Mouse as /devices/platform/i8042/serio1/input/input4
[    1.638579] e1000 0000:00:03.0 eth0: (PCI:33MHz:32-bit) 02:75:2e:1a:60:96
[    1.639969] e1000 0000:00:03.0 eth0: Intel(R) PRO/1000 Network Connection
[    1.642372] mptbase: ioc0: Initiating bringup
[    3.063681] ioc0: LSI53C1030 A0: Capabilities={Initiator}
[    6.566860] scsi host2: ioc0: LSI53C1030 A0, FwRev=00000000h, Ports=1, MaxQ=256, IRQ=20
[    8.749040] scsi 2:0:0:0: Direct-Access     VBOX     HARDDISK         1.0  PQ: 0 ANSI: 5
[    9.050710] scsi target2:0:0: Beginning Domain Validation
[    9.061860] scsi target2:0:0: Domain Validation skipping write tests
[    9.063004] scsi target2:0:0: Ending Domain Validation
[    9.064214] scsi target2:0:0: asynchronous
[    9.065627] scsi 2:0:1:0: Direct-Access     VBOX     HARDDISK         1.0  PQ: 0 ANSI: 5
[    9.340456] scsi target2:0:1: Beginning Domain Validation
[    9.343538] random: fast init done
[    9.344362] scsi target2:0:1: Domain Validation skipping write tests
[    9.345462] scsi target2:0:1: Ending Domain Validation
[    9.346446] scsi target2:0:1: asynchronous
[    9.350548] random: systemd-udevd: uninitialized urandom read (16 bytes read)
[    9.351772] random: systemd-udevd: uninitialized urandom read (16 bytes read)
[    9.353066] random: systemd-udevd: uninitialized urandom read (16 bytes read)
[    9.353127] sd 2:0:0:0: Attached scsi generic sg0 type 0
[    9.356492] sd 2:0:0:0: [sda] 83886080 512-byte logical blocks: (42.9 GB/40.0 GiB)
[    9.356493] sd 2:0:1:0: Attached scsi generic sg1 type 0
[    9.357884] sd 2:0:0:0: [sda] Write Protect is off
[    9.359833] sd 2:0:1:0: [sdb] 20480 512-byte logical blocks: (10.5 MB/10.0 MiB)
[    9.361355] sd 2:0:1:0: [sdb] Write Protect is off
[    9.362294] sd 2:0:0:0: [sda] Incomplete mode parameter data
[    9.363425] sd 2:0:0:0: [sda] Assuming drive cache: write through
[    9.364609] sd 2:0:1:0: [sdb] Incomplete mode parameter data
[    9.365622] sd 2:0:1:0: [sdb] Assuming drive cache: write through
[    9.381702] e1000 0000:00:08.0 eth1: (PCI:33MHz:32-bit) 08:00:27:a0:22:dc
[    9.383182] e1000 0000:00:08.0 eth1: Intel(R) PRO/1000 Network Connection
[    9.385805] e1000 0000:00:08.0 enp0s8: renamed from eth1
[    9.391258]  sda: sda1
[    9.392943] sd 2:0:0:0: [sda] Attached SCSI disk
[    9.400517] e1000 0000:00:03.0 enp0s3: renamed from eth0
[    9.408859] sd 2:0:1:0: [sdb] Attached SCSI disk
Begin: Loading essential drivers ... [   11.020084] raid6: sse2x1   gen() 13081 MB/s
[   11.068072] raid6: sse2x1   xor()  9109 MB/s
[   11.116076] raid6: sse2x2   gen() 16118 MB/s
[   11.164060] raid6: sse2x2   xor() 11035 MB/s
[   11.212068] raid6: sse2x4   gen() 18877 MB/s
[   11.260117] raid6: sse2x4   xor() 11465 MB/s
[   11.308226] raid6: avx2x1   gen() 26203 MB/s
[   11.356052] raid6: avx2x1   xor() 17876 MB/s
[   11.404051] raid6: avx2x2   gen() 30680 MB/s
[   11.452058] raid6: avx2x2   xor() 19668 MB/s
[   11.500055] raid6: avx2x4   gen() 35228 MB/s
[   11.548072] raid6: avx2x4   xor() 21008 MB/s
[   11.549020] raid6: using algorithm avx2x4 gen() 35228 MB/s
[   11.550591] raid6: .... xor() 21008 MB/s, rmw enabled
[   11.551932] raid6: using avx2x2 recovery algorithm
[   11.553875] xor: automatically using best checksumming function   avx       
[   11.556119] async_tx: api initialized (async)
done.
Begin: Running /scripts/init-premount ... done.
Begin: Mounting root file system ... Begin: Running /scripts/local-top ... done.
Begin: Running /scripts/local-premount ... [   11.608871] Btrfs loaded, crc32c=crc32c-intel
Scanning for Btrfs filesystems
done.
Warning: fsck not present, so skipping root file system
[   11.715803] EXT4-fs (sda1): mounted filesystem with ordered data mode. Opts: (null)
done.
Begin: Running /scripts/local-bottom ... done.
Begin: Running /scripts/init-bottom ... done.
[   13.331029] ip_tables: (C) 2000-2006 Netfilter Core Team
[   13.426479] random: crng init done
[   13.427494] random: 7 urandom warning(s) missed due to ratelimiting
[   13.537119] systemd[1]: systemd 237 running in system mode. (+PAM +AUDIT +SELINUX +IMA +APPARMOR +SMACK +SYSVINIT +UTMP +LIBCRYPTSETUP +GCRYPT +GNUTLS +ACL +XZ +LZ4 +SECCOMP +BLKID +ELFUTILS +KMOD -IDN2 +IDN -PCRE2 default-hierarchy=hybrid)
[   13.547753] systemd[1]: Detected virtualization oracle.
[   13.552129] systemd[1]: Detected architecture x86-64.

Welcome to [1mUbuntu 18.04.6 LTS[0m!

[   14.082471] systemd[1]: Set hostname to <ubuntu>.
[   14.205726] systemd[1]: Initializing machine ID from random generator.
[   14.207571] systemd[1]: Installed transient /etc/machine-id file.
[   16.163082] systemd[1]: Started Forward Password Requests to Wall Directory Watch.
[[0;32m  OK  [0m] Started Forward Password Requests to Wall Directory Watch.
[   16.165405] systemd[1]: Set up automount Arbitrary Executable File Formats File System Automount Point.
[[0;32m  OK  [0m] Set up automount Arbitrary Executab…rmats File System Automount Point.
[   16.167884] systemd[1]: Reached target System Time Synchronized.
[[0;32m  OK  [0m] Reached target System Time Synchronized.
[   16.170139] systemd[1]: Reached target Swap.
[[0;32m  OK  [0m] Reached target Swap.
[[0;32m  OK  [0m] Reached target User and Group Name Lookups.
[[0;32m  OK  [0m] Created slice User and Session Slice.
[[0;32m  OK  [0m] Created slice System Slice.
[[0;32m  OK  [0m] Listening on Syslog Socket.
[[0;32m  OK  [0m] Listening on Journal Socket (/dev/log).
[[0;32m  OK  [0m] Created slice system-serial\x2dgetty.slice.
[[0;32m  OK  [0m] Listening on LVM2 poll daemon socket.
[[0;32m  OK  [0m] Reached target Slices.
[[0;32m  OK  [0m] Listening on udev Control Socket.
[[0;32m  OK  [0m] Listening on Journal Audit Socket.
[[0;32m  OK  [0m] Listening on fsck to fsckd communication Socket.
[[0;32m  OK  [0m] Listening on LVM2 metadata daemon socket.
[[0;32m  OK  [0m] Listening on Device-mapper event daemon FIFOs.
[[0;32m  OK  [0m] Listening on Network Service Netlink Socket.
[   18.554436] systemd[1]: Listening on /dev/initctl Compatibility Named Pipe.
[[0;32m  OK  [0m] Listening on /dev/initctl Compatibility Named Pipe.
[   18.558191] systemd[1]: Listening on Journal Socket.
[[0;32m  OK  [0m] Listening on Journal Socket.
[   19.063882] systemd[1]: Starting Set the console keyboard layout...
         Starting Set the console keyboard layout...
[   19.066552] systemd[1]: Starting Uncomplicated firewall...
         Starting Uncomplicated firewall...
[   19.081287] systemd[1]: Starting Monitoring of LVM2 mirrors, snapshots etc. using dmeventd or progress polling...
         Starting Monitoring of LVM2 mirrors…ng dmeventd or progress polling...
[   19.281992] systemd[1]: Starting Journal Service...
         Starting Journal Service...
[   19.284720] systemd[1]: Starting Create list of required static device nodes for the current kernel...
         Starting Create list of required st…ce nodes for the current kernel...
[   19.562507] systemd[1]: Starting Load Kernel Modules...
         Starting Load Kernel Modules...
[   19.564682] systemd[1]: Mounting Huge Pages File System...
         Mounting Huge Pages File System...
[   19.576330] systemd[1]: Listening on udev Kernel Socket.
[[0;32m  OK  [0m] Listening on udev Kernel Socket.
         Mounting Kernel Debug File System...
         Starting File System Check on Root Device...
         Starting udev Coldplug all Devices...
         Mounting POSIX Message Queue File System...
[[0;32m  OK  [0m] Started Uncomplicated firewall.
[[0;32m  OK  [0m] Started Create list of required sta…vice nodes for the current kernel.
         Starting Create Static Device Nodes in /dev...
[[0;32m  OK  [0m] Started LVM2 metadata daemon.
[   19.784717] Loading iSCSI transport class v2.0-870.
[[0;32m  OK  [0m] Started File System Check Daemon to report status.
[[0;32m  OK  [0m] Started Journal Service.
[[0;32m  OK  [0m] Started Set the console keyboard layout.
[   20.134209] iscsi: registered transport (tcp)
[[0;32m  OK  [0m] Mounted Huge Pages File System.
[[0;32m  OK  [0m] Mounted Kernel Debug File System.
[[0;32m  OK  [0m] Mounted POSIX Message Queue File System.
[[0;32m  OK  [0m] Started udev Coldplug all Devices.
[[0;32m  OK  [0m] Started Create Static Device Nodes in /dev.
[   20.392647] iscsi: registered transport (iser)
[[0;32m  OK  [0m] Started Load Kernel Modules.
         Mounting FUSE Control File System...
         Mounting Kernel Configuration File System...
         Starting Apply Kernel Variables...
[[0;32m  OK  [0m] Started Monitoring of LVM2 mirrors,…sing dmeventd or progress polling.
[[0;32m  OK  [0m] Started File System Check on Root Device.
[[0;32m  OK  [0m] Mounted FUSE Control File System.
[[0;32m  OK  [0m] Mounted Kernel Configuration File System.
         Starting Remount Root and Kernel File Systems...
[[0;32m  OK  [0m] Started Apply Kernel Variables.
[[0;32m  OK  [0m] Started Remount Root and Kernel File Systems.
         Starting udev Kernel Device Manager...
         Starting Load/Save Random Seed...
[[0;32m  OK  [0m] Reached target Local File Systems (Pre).
[[0;32m  OK  [0m] Reached target Local File Systems.
         Starting Set console font and keymap...
         Starting AppArmor initialization...
         Starting Commit a transient machine-id on disk...
         Starting ebtables ruleset management...
         Starting Tell Plymouth To Write Out Runtime Data...
         Starting Flush Journal to Persistent Storage...
[[0;32m  OK  [0m] Started Load/Save Random Seed.
[[0;32m  OK  [0m] Started Set console font and keymap.
[[0;32m  OK  [0m] Started Tell Plymouth To Write Out Runtime Data.
[[0;32m  OK  [0m] Started udev Kernel Device Manager.
[[0;32m  OK  [0m] Started Dispatch Password Requests to Console Directory Watch.
[[0;32m  OK  [0m] Reached target Local Encrypted Volumes.
[[0;32m  OK  [0m] Started Flush Journal to Persistent Storage.
         Starting Create Volatile Files and Directories...
[[0;32m  OK  [0m] Started Commit a transient machine-id on disk.
[[0;32m  OK  [0m] Started ebtables ruleset management.
[[0;32m  OK  [0m] Started Create Volatile Files and Directories.
         Starting Update UTMP about System Boot/Shutdown...
[[0;32m  OK  [0m] Started Update UTMP about System Boot/Shutdown.
[[0;32m  OK  [0m] Found device /dev/ttyS0.
[[0;32m  OK  [0m] Listening on Load/Save RF Kill Switch Status /dev/rfkill Watch.
[[0;32m  OK  [0m] Started AppArmor initialization.
         Starting Initial cloud-init job (pre-networking)...
         Starting Load AppArmor profiles managed internally by snapd...
[[0;32m  OK  [0m] Started Load AppArmor profiles managed internally by snapd.
[   28.753008] cloud-init[591]: Cloud-init v. 21.3-1-g6803368d-0ubuntu1~18.04.4 running 'init-local' at Sat, 20 Nov 2021 11:59:54 +0000. Up 27.51 seconds.
[[0;32m  OK  [0m] Started Initial cloud-init job (pre-networking).
[[0;32m  OK  [0m] Reached target Network (Pre).
         Starting Network Service...
[[0;32m  OK  [0m] Started Network Service.
         Starting Network Name Resolution...
         Starting Wait for Network to be Configured...
[[0;32m  OK  [0m] Started Network Name Resolution.
[[0;32m  OK  [0m] Reached target Host and Network Name Lookups.
[[0;32m  OK  [0m] Reached target Network.
[[0;32m  OK  [0m] Started Wait for Network to be Configured.
         Starting Initial cloud-init job (metadata service crawler)...
[   31.113315] cloud-init[741]: Cloud-init v. 21.3-1-g6803368d-0ubuntu1~18.04.4 running 'init' at Sat, 20 Nov 2021 11:59:57 +0000. Up 30.93 seconds.
[   31.125086] cloud-init[741]: ci-info: ++++++++++++++++++++++++++++++++++++++Net device info+++++++++++++++++++++++++++++++++++++++
[   31.136629] cloud-init[741]: ci-info: +--------+-------+----------------------------+---------------+--------+-------------------+
[   31.148434] cloud-init[741]: ci-info: | Device |   Up  |          Address           |      Mask     | Scope  |     Hw-Address    |
[   31.160148] cloud-init[741]: ci-info: +--------+-------+----------------------------+---------------+--------+-------------------+
[   31.172931] cloud-init[741]: ci-info: | enp0s3 |  True |         10.0.2.15          | 255.255.255.0 | global | 02:75:2e:1a:60:96 |
[   31.184328] cloud-init[741]: ci-info: | enp0s3 |  True | fe80::75:2eff:fe1a:6096/64 |       .       |  link  | 02:75:2e:1a:60:96 |
[   31.186271] cloud-init[741]: ci-info: | enp0s8 | False |             .              |       .       |   .    | 08:00:27:a0:22:dc |
[   31.187728] cloud-init[741]: ci-info: |   lo   |  True |         127.0.0.1          |   255.0.0.0   |  host  |         .         |
[   31.189075] cloud-init[741]: ci-info: |   lo   |  True |          ::1/128           |       .       |  host  |         .         |
[   31.200145] cloud-init[741]: ci-info: +--------+-------+----------------------------+---------------+--------+-------------------+
[   31.202343] cloud-init[741]: ci-info: ++++++++++++++++++++++++++++Route IPv4 info+++++++++++++++++++++++++++++
[   31.203801] cloud-init[741]: ci-info: +-------+-------------+----------+-----------------+-----------+-------+
[   31.205046] cloud-init[741]: ci-info: | Route | Destination | Gateway  |     Genmask     | Interface | Flags |
[   31.212399] cloud-init[741]: ci-info: +-------+-------------+----------+-----------------+-----------+-------+
[   31.213622] cloud-init[741]: ci-info: |   0   |   0.0.0.0   | 10.0.2.2 |     0.0.0.0     |   enp0s3  |   UG  |
[   31.225119] cloud-init[741]: ci-info: |   1   |   10.0.2.0  | 0.0.0.0  |  255.255.255.0  |   enp0s3  |   U   |
[   31.226025] cloud-init[741]: ci-info: |   2   |   10.0.2.2  | 0.0.0.0  | 255.255.255.255 |   enp0s3  |   UH  |
[   31.227105] cloud-init[741]: ci-info: +-------+-------------+----------+-----------------+-----------+-------+
[   31.228282] cloud-init[741]: ci-info: +++++++++++++++++++Route IPv6 info+++++++++++++++++++
[   31.240739] cloud-init[741]: ci-info: +-------+-------------+---------+-----------+-------+
[   31.241765] cloud-init[741]: ci-info: | Route | Destination | Gateway | Interface | Flags |
[   31.252393] cloud-init[741]: ci-info: +-------+-------------+---------+-----------+-------+
[   31.254129] cloud-init[741]: ci-info: |   1   |  fe80::/64  |    ::   |   enp0s3  |   U   |
[   31.255166] cloud-init[741]: ci-info: |   3   |    local    |    ::   |   enp0s3  |   U   |
[   31.264128] cloud-init[741]: ci-info: |   4   |   ff00::/8  |    ::   |   enp0s3  |   U   |
[   31.264741] cloud-init[741]: ci-info: +-------+-------------+---------+-----------+-------+
[   33.827790] cloud-init[741]: Generating public/private rsa key pair.
[   33.828400] cloud-init[741]: Your identification has been saved in /etc/ssh/ssh_host_rsa_key.
[   33.828989] cloud-init[741]: Your public key has been saved in /etc/ssh/ssh_host_rsa_key.pub.
[   33.840178] cloud-init[741]: The key fingerprint is:
[   33.852213] cloud-init[741]: SHA256:kvb+bp29ywT3h7Wk0HwS1/TF6VNKK6jCLZ/zYdZgkzQ root@ubuntu-bionic
[   33.852928] cloud-init[741]: The key's randomart image is:
[   33.868179] cloud-init[741]: +---[RSA 2048]----+
[   33.868735] cloud-init[741]: |               .+|
[   33.880189] cloud-init[741]: |              .o*|
[[0;32m  OK  [0m] Started Initial cloud-init job (metadata service crawler).
[   33.896905] [[0;32m  OK  [0m] Reached target Network is Online.
cloud-init[741]: |          E. o.++|
[   33.898133] cloud-init[741]: |       . ..o+ =o |
[   33.898768] cloud-init[741]: |     .+.S.=..=.oo|
[   33.899406] cloud-init[741]: |     .+oo. +.o=+.|
[   33.912206] cloud-init[741]: |       +..+..+o.o|
[   33.912883] cloud-init[741]: |       .+o..oo. .|
[   33.913405] cloud-init[741]: |        .*+   +o |
[   33.914112] cloud-init[741]: +----[SHA256]-----+
[   33.914662] cloud-init[741]: Generating public/private dsa key pair.
[   33.915476] cloud-init[741]: Your identification has been saved in /etc/ssh/ssh_host_dsa_key.
[   33.916579] [[0;32m  OK  [0m] Reached target Remote File Systems (Pre).
[[0;32m  OK  [0m] Reached target Remote File Systems.
cloud-init         Starting Availability of block devices...
[[0;32m  OK  [0m] Reached target System Initialization.
[741]: Your public key has been saved in /etc/ssh/ssh_host_dsa_key.pub.
         Starting Socket activation for snappy daemon.
[   33.923487] cloud-init[741]: The key fingerprint is:
[   33.924273] cloud-init[741]: SHA256:zpYSdv3dcDAYs6TjzBOgG0xZjkjwKwskBjjdEbf3tu8 root@ubuntu-bionic
[   33.936777] cloud-init[741]: The key's randomart image is:
[[0;32m  OK  [0m] Started ACPI Events Check.
[[0;32m  OK  [0m] Listening on D-Bus System Message Bus Socket.
[[0;32m  OK  [0m] Started Ubuntu Advantage Timer for running repeated jobs.
[   33.954356] cloud-init[741]: +---[DSA 1024]----+
         Starting LXD - unix socket.
[   33.969062] cloud-init[[0;32m  OK  [0m] Started Message of the Day.
[741]: |o..o+oooo   +    |
[   33.971407] cloud-init[741]: |+ .o.=.= . o =   |
[   33.972282] cloud-init[741]: |.+  o * o + o o  |
[   33.973071] cloud-init[741]: |+    . + * o   o |
[   33.973787] cloud-init[741]: |. . . + S O   . .|
[   33.974517] cloud-init[741]: | . o . = o + . + |
[   33.976129] cloud-init[741]: |  .   . = . . . .|
[   33.976864] cloud-init[741]: |       o   .     |
[   33.977487] cloud-init[741]: |           .E    |[[0;32m  OK  [0m] Started Trigger to poll for Ubuntu …(Only enabled on GCP LTS non-pro).
[[0;32m  OK  [0m] Reached target Paths.
[[0;32m  OK  [0m] Listening on ACPID Listen Socket.
[[0;32m  OK  [0m] Started Daily Cleanup of Temporary Directories.
[[0;32m  OK  [0m] Listening on Open-iSCSI iscsid Socket.
[[0;32m  OK  [0m] Started Daily apt download activities.
[[0;32m  OK  [0m] Started Daily apt upgrade and clean activities.
[[0;32m  OK  [0m] Listening on UUID daemon activation socket.
[[0;32m  OK  [0m] Listening on cloud-init hotplug hook socket.
[[0;32m  OK  [0m] Started Discard unused blocks once a week.

[[0;32m  OK  [0m] Reached target Timers.
[[0;32m  OK  [0m] Reached target Cloud-config availability.
[   33.984766] cloud-init[741]: +----[SHA256]-----+
[[0;32m  OK  [0m] Started Availability of block devices.
[[0;32m  OK  [0m] Listening on Socket activation for snappy daemon.
[[0;32m  OK  [0m] Listening on LXD - unix socket.
[[0;32m  OK  [0m] Reached target Sockets.
[[0;32m  OK  [0m] Reached target Basic System.
[   33.988831]          Starting Virtualbox guest utils...
cloud-init[741]: Generating public/private ecdsa key pair.         Starting Permit User Sessions...
[[0;32m  OK  [0m] Started D-Bus System Message Bus.

[   33.998107] cloud-init[741]: Your identification has been saved in /etc/ssh/ssh_host_ecdsa_key.
[   34.008144] cloud-init[741]: Your public key has been saved in /etc/ssh/ssh_host_ecdsa_key.pub.
[   34.020720] cloud-init[741]: The key fingerprint is:
[   34.021465] cloud-init[741]: SHA256:gV1UjKuPEG9AVudVK8qu9OuEGfrLref23UAVM++rit4 root@ubuntu-bionic
[   34.022574] cloud-init[741]: The key's randomart image is:
[   34.023335] cloud-init[741]: +---[ECDSA 256]---+
[   34.024105] cloud-init[741]: |       ...++o..+ |
[   34.024814] cloud-init[741]: |      oo +...  .=|
[   34.025520] cloud-init[741]: |     o. o ... . o|
[   34.026214] cloud-init[741]: |      o  o.. . o |
[   34.026898] cloud-init[741]: |       +S.o   . .|
[   34.027581] cloud-init[741]: |      ..+=   .  .|
[   34.028762] cloud-init[741]: |      .o+oo   .. |
[   34.029489] cloud-init[741]: |       +.=*  ..o |
[   34.030178] cloud-init[741]: |        BX*Eo.. .|
[   34.041066] cloud-init[741]: +----[SHA256]-----+
[   34.041728] cloud-init[741]: Generating public/private ed25519 key pair.
[   34.042434] cloud-init[741]: Your identification has been saved in /etc/ssh/ssh_host_ed25519_key.
[   34.043531] cloud-init[741]: Your public key has been saved in /etc/ssh/ssh_host_ed25519_key.pub.
[   34.044807] cloud-init[741]: The key fingerprint is:
[   34.045538] cloud-init[741]: SHA256:wiof7FWMTBOsDq8e8khDms7wJsQIJorzWP/WVC5woGc root@ubuntu-bionic
[   34.046571] cloud-init[741]: The key's randomart image is:
[   34.047224] cloud-init[741]: +--[ED25519 256]--+
[   34.047912] cloud-init[741]: |     ..          |
[   34.048626] cloud-init[741]: |      o.         |
[   34.049246] cloud-init[741]: |     oo.         |
[   34.049801] cloud-init[741]: |o.. o+E+. .      |
[   34.050489] cloud-init[741]: |O. + o=oSo       |
[   34.051165] cloud-init[741]: |B+..o. oo .      |
[   34.051871] cloud-init[741]: |*Boo+ .o .       |
[   34.052605] cloud-init[741]: |B===.o. .        |
[   34.053517] cloud-init[741]: |.*+ oo.          |
[   34.054211] cloud-init[741]: +----[SHA256]-----+
         Starting Pollinate to seed the pseudo random number generator...
         Starting Accounts Service...
         Starting LSB: Record successful boot for GRUB...
         Starting LSB: automatic crash report generation...
         Starting Snap Daemon...
[[0;32m  OK  [0m] Started Deferred execution scheduler.
         Starting System Logging Service...
         Starting LXD - container startup/shutdown...
[[0;32m  OK  [0m] Started Regular background program processing daemon.
[[0;32m  OK  [0m] Started FUSE filesystem for LXC.
[[0;32m  OK  [0m] Started irqbalance daemon.
         Starting Login Service...
         Starting Dispatcher daemon for systemd-networkd...
[[0;32m  OK  [0m] Started Permit User Sessions.
         Starting Authorization Manager...
         Starting Hold until boot process finishes up...
         Starting Terminate Plymouth Boot Screen...
[[0;32m  OK  [0m] Started Hold until boot process finishes up.
[[0;32m  OK  [0m] Started Terminate Plymouth Boot Screen.
         Starting Set console scheme...
[[0;32m  OK  [0m] Started Serial Getty on ttyS0.
[[0;32m  OK  [0m] Started Login Service.
[[0;32m  OK  [0m] Started Unattended Upgrades Shutdown.
[[0;32m  OK  [0m] Started Set console scheme.
[[0;32m  OK  [0m] Created slice system-getty.slice.
[[0;32m  OK  [0m] Started Getty on tty1.
[[0;32m  OK  [0m] Reached target Login Prompts.
[[0;32m  OK  [0m] Started LSB: automatic crash report generation.
[[0;32m  OK  [0m] Started Authorization Manager.
[[0;32m  OK  [0m] Started Accounts Service.
[[0;32m  OK  [0m] Started System Logging Service.
[[0;32m  OK  [0m] Started LSB: Record successful boot for GRUB.
[[0;32m  OK  [0m] Started Virtualbox guest utils.
[[0;32m  OK  [0m] Started Dispatcher daemon for systemd-networkd.

Ubuntu 18.04.6 LTS ubuntu-bionic ttyS0

ubuntu-bionic login: [   47.317620] cloud-init[1475]: Cloud-init v. 21.3-1-g6803368d-0ubuntu1~18.04.4 running 'modules:config' at Sat, 20 Nov 2021 12:00:11 +0000. Up 44.25 seconds.
ci-info: no authorized SSH keys fingerprints found for user ubuntu.
<14>Nov 20 12:00:14 cloud-init: #############################################################
<14>Nov 20 12:00:14 cloud-init: -----BEGIN SSH HOST KEY FINGERPRINTS-----
<14>Nov 20 12:00:14 cloud-init: 1024 SHA256:zpYSdv3dcDAYs6TjzBOgG0xZjkjwKwskBjjdEbf3tu8 root@ubuntu-bionic (DSA)
<14>Nov 20 12:00:14 cloud-init: 256 SHA256:gV1UjKuPEG9AVudVK8qu9OuEGfrLref23UAVM++rit4 root@ubuntu-bionic (ECDSA)
<14>Nov 20 12:00:14 cloud-init: 256 SHA256:wiof7FWMTBOsDq8e8khDms7wJsQIJorzWP/WVC5woGc root@ubuntu-bionic (ED25519)
<14>Nov 20 12:00:14 cloud-init: 2048 SHA256:kvb+bp29ywT3h7Wk0HwS1/TF6VNKK6jCLZ/zYdZgkzQ root@ubuntu-bionic (RSA)
<14>Nov 20 12:00:14 cloud-init: -----END SSH HOST KEY FINGERPRINTS-----
<14>Nov 20 12:00:14 cloud-init: #############################################################
-----BEGIN SSH HOST KEY KEYS-----
ecdsa-sha2-nistp256 AAAAE2VjZHNhLXNoYTItbmlzdHAyNTYAAAAIbmlzdHAyNTYAAABBBIao/63QjUD9av/n/gOrsyVfjVsMVXOB4Noxi8tnCNofb/Rx/8Q16hNwrUYrz6f6AcxVpPPW0W8orq9Hqe6wRck= root@ubuntu-bionic
ssh-ed25519 AAAAC3NzaC1lZDI1NTE5AAAAIM0Q/kvyaDrr638iFcUWU/KYiHu6JiuExt05IrL+G5aq root@ubuntu-bionic
ssh-rsa AAAAB3NzaC1yc2EAAAADAQABAAABAQCaY1btZf2h0xqTX5J6reke6l7PNHBNXg7EZMmfb1sZksdVP1rLkRdOWa5Re8GQOg/xyUsQ044xCOwCnH2agmm2VLTV9zfXPKiS+em/DBWi+My5db+1VoiDoUv5U+WMdb1qYykMnoH4JrtlDUrhIJ1HapzzdHm0GS7GDJdhHB2Ik6uXRjzCFmk4JAL5GGiEivohyGdGJU7O+1WXvFB62eQNcklYlPm/hl/o60Lg8ga9QqxdpnkvBRm39A8YhSLS7JDhIrIs7S2wQmTrwyDV8MgG78hKosmlSZueGuMD/6Ak3fI5TKq+QEkNcKOKoQI3rxD19tLUH0zKa0xZlnJZ3viB root@ubuntu-bionic
-----END SSH HOST KEY KEYS-----
[   48.140247] cloud-init[1659]: Cloud-init v. 21.3-1-g6803368d-0ubuntu1~18.04.4 running 'modules:final' at Sat, 20 Nov 2021 12:00:14 +0000. Up 47.84 seconds.
[   48.140527] cloud-init[1659]: ci-info: no authorized SSH keys fingerprints found for user ubuntu.
[   48.140741] cloud-init[1659]: Cloud-init v. 21.3-1-g6803368d-0ubuntu1~18.04.4 finished at Sat, 20 Nov 2021 12:00:14 +0000. Datasource DataSourceNoCloud [seed=/dev/sdb][dsmode=net].  Up 48.13 seconds
